<?xml version="1.0" encoding="UTF-8"?>
<!-- Generated by org.testng.reporters.JUnitXMLReporter -->
<testsuite ignored="0" hostname="LAPTOP-6FORQB7T" failures="0" tests="5" name="Default test" time="15.969" errors="0" timestamp="2022-12-23T23:41:21 IST">
  <testcase classname="Login.LoginWithMultipleSetofData" name="verifyLoginCredentials" time="7.163"/>
  <testcase classname="Login.LoginWithMultipleSetofData" name="verifyLoginCredentials" time="2.472"/>
  <testcase classname="Login.LoginWithMultipleSetofData" name="verifyLoginCredentials" time="2.46"/>
  <testcase classname="Login.LoginWithMultipleSetofData" name="verifyLoginCredentials" time="2.389"/>
  <testcase classname="Login.LoginWithMultipleSetofData" name="verifyLoginWithEnterKey" time="1.443"/>
</testsuite> <!-- Default test -->
