<?xml version="1.0" encoding="UTF-8"?>
<!-- Generated by org.testng.reporters.JUnitXMLReporter -->
<testsuite ignored="0" hostname="LAPTOP-6FORQB7T" failures="0" tests="6" name="Test" time="21.459" errors="0" timestamp="2022-12-23T22:34:17 IST">
  <testcase classname="Login.LoginWithMultipleSetofData" name="verifyLoginCredentials" time="5.591"/>
  <testcase classname="Login.LoginWithMultipleSetofData" name="verifyLoginCredentials" time="3.581"/>
  <testcase classname="Login.LoginWithMultipleSetofData" name="verifyLoginCredentials" time="3.636"/>
  <testcase classname="Login.LoginWithMultipleSetofData" name="verifyLoginCredentials" time="3.53"/>
  <testcase classname="Login.LoginWithMultipleSetofData" name="verifyLoginWithEnterKey" time="1.608"/>
  <testcase classname="Login.LoginWithActionClass" name="verifyLoginWithEnterKey" time="3.457"/>
</testsuite> <!-- Test -->
