<?xml version="1.0" encoding="UTF-8"?>
<testng-results ignored="0" total="5" passed="5" failed="0" skipped="0">
  <reporter-output>
  </reporter-output>
  <suite started-at="2022-12-23T23:41:05 IST" name="Default suite" finished-at="2022-12-23T23:41:21 IST" duration-ms="15969">
    <groups>
    </groups>
    <test started-at="2022-12-23T23:41:05 IST" name="Default test" finished-at="2022-12-23T23:41:21 IST" duration-ms="15969">
      <class name="Login.LoginWithMultipleSetofData">
        <test-method signature="verifyLoginCredentials(java.lang.String,java.lang.String,java.lang.String)[pri:0, instance:Login.LoginWithMultipleSetofData@795cd85e]" started-at="2022-12-23T23:41:05 IST" name="verifyLoginCredentials" data-provider="credentials" finished-at="2022-12-23T23:41:12 IST" duration-ms="7163" status="PASS">
          <params>
            <param index="0">
              <value>
                <![CDATA[bothcorrect]]>
              </value>
            </param>
            <param index="1">
              <value>
                <![CDATA[vistpawan376@gmail.com]]>
              </value>
            </param>
            <param index="2">
              <value>
                <![CDATA[password]]>
              </value>
            </param>
          </params>
          <reporter-output>
          </reporter-output>
        </test-method> <!-- verifyLoginCredentials -->
        <test-method signature="verifyLoginCredentials(java.lang.String,java.lang.String,java.lang.String)[pri:0, instance:Login.LoginWithMultipleSetofData@795cd85e]" started-at="2022-12-23T23:41:12 IST" name="verifyLoginCredentials" data-provider="credentials" finished-at="2022-12-23T23:41:14 IST" duration-ms="2472" status="PASS">
          <params>
            <param index="0">
              <value>
                <![CDATA[onlyGmail]]>
              </value>
            </param>
            <param index="1">
              <value>
                <![CDATA[vistpawan376@gmail.com]]>
              </value>
            </param>
            <param index="2">
              <value>
                <![CDATA[]]>
              </value>
            </param>
          </params>
          <reporter-output>
          </reporter-output>
        </test-method> <!-- verifyLoginCredentials -->
        <test-method signature="verifyLoginCredentials(java.lang.String,java.lang.String,java.lang.String)[pri:0, instance:Login.LoginWithMultipleSetofData@795cd85e]" started-at="2022-12-23T23:41:14 IST" name="verifyLoginCredentials" data-provider="credentials" finished-at="2022-12-23T23:41:17 IST" duration-ms="2460" status="PASS">
          <params>
            <param index="0">
              <value>
                <![CDATA[OnlyPassword]]>
              </value>
            </param>
            <param index="1">
              <value>
                <![CDATA[]]>
              </value>
            </param>
            <param index="2">
              <value>
                <![CDATA[password]]>
              </value>
            </param>
          </params>
          <reporter-output>
          </reporter-output>
        </test-method> <!-- verifyLoginCredentials -->
        <test-method signature="verifyLoginCredentials(java.lang.String,java.lang.String,java.lang.String)[pri:0, instance:Login.LoginWithMultipleSetofData@795cd85e]" started-at="2022-12-23T23:41:17 IST" name="verifyLoginCredentials" data-provider="credentials" finished-at="2022-12-23T23:41:19 IST" duration-ms="2389" status="PASS">
          <params>
            <param index="0">
              <value>
                <![CDATA[withOutAnyCredentials]]>
              </value>
            </param>
            <param index="1">
              <value>
                <![CDATA[]]>
              </value>
            </param>
            <param index="2">
              <value>
                <![CDATA[]]>
              </value>
            </param>
          </params>
          <reporter-output>
          </reporter-output>
        </test-method> <!-- verifyLoginCredentials -->
        <test-method signature="verifyLoginWithEnterKey()[pri:0, instance:Login.LoginWithMultipleSetofData@795cd85e]" started-at="2022-12-23T23:41:19 IST" name="verifyLoginWithEnterKey" finished-at="2022-12-23T23:41:21 IST" duration-ms="1443" status="PASS">
          <reporter-output>
          </reporter-output>
        </test-method> <!-- verifyLoginWithEnterKey -->
      </class> <!-- Login.LoginWithMultipleSetofData -->
    </test> <!-- Default test -->
  </suite> <!-- Default suite -->
</testng-results>
